  grammer.c
d:\projects\compiler\c0_compiler\c0_compiler\grammer.c(78): warning C4013: “strcmp”未定义；假设外部返回 int
d:\projects\compiler\c0_compiler\c0_compiler\grammer.c(97): warning C4013: “strcpy”未定义；假设外部返回 int
d:\projects\compiler\c0_compiler\c0_compiler\grammer.c(416): warning C4090: “函数”: 不同的“const”限定符
d:\projects\compiler\c0_compiler\c0_compiler\grammer.c(434): warning C4090: “函数”: 不同的“const”限定符
d:\projects\compiler\c0_compiler\c0_compiler\grammer.c(446): warning C4090: “函数”: 不同的“const”限定符
d:\projects\compiler\c0_compiler\c0_compiler\grammer.c(415): warning C4996: 'sprintf': This function or variable may be unsafe. Consider using sprintf_s instead. To disable deprecation, use _CRT_SECURE_NO_WARNINGS. See online help for details.
  c:\program files (x86)\windows kits\10\include\10.0.10240.0\ucrt\stdio.h(1769): note: 参见“sprintf”的声明
d:\projects\compiler\c0_compiler\c0_compiler\grammer.c(433): warning C4996: 'sprintf': This function or variable may be unsafe. Consider using sprintf_s instead. To disable deprecation, use _CRT_SECURE_NO_WARNINGS. See online help for details.
  c:\program files (x86)\windows kits\10\include\10.0.10240.0\ucrt\stdio.h(1769): note: 参见“sprintf”的声明
d:\projects\compiler\c0_compiler\c0_compiler\grammer.c(445): warning C4996: 'sprintf': This function or variable may be unsafe. Consider using sprintf_s instead. To disable deprecation, use _CRT_SECURE_NO_WARNINGS. See online help for details.
  c:\program files (x86)\windows kits\10\include\10.0.10240.0\ucrt\stdio.h(1769): note: 参见“sprintf”的声明
d:\projects\compiler\c0_compiler\c0_compiler\grammer.c(505): warning C4090: “函数”: 不同的“const”限定符
d:\projects\compiler\c0_compiler\c0_compiler\grammer.c(510): warning C4090: “函数”: 不同的“const”限定符
d:\projects\compiler\c0_compiler\c0_compiler\grammer.c(582): warning C4090: “函数”: 不同的“const”限定符
d:\projects\compiler\c0_compiler\c0_compiler\grammer.c(598): warning C4090: “函数”: 不同的“const”限定符
d:\projects\compiler\c0_compiler\c0_compiler\grammer.c(668): warning C4090: “函数”: 不同的“const”限定符
d:\projects\compiler\c0_compiler\c0_compiler\grammer.c(764): warning C4090: “函数”: 不同的“const”限定符
d:\projects\compiler\c0_compiler\c0_compiler\grammer.c(767): warning C4090: “函数”: 不同的“const”限定符
d:\projects\compiler\c0_compiler\c0_compiler\grammer.c(836): warning C4090: “函数”: 不同的“const”限定符
d:\projects\compiler\c0_compiler\c0_compiler\grammer.c(839): warning C4090: “函数”: 不同的“const”限定符
d:\projects\compiler\c0_compiler\c0_compiler\grammer.c(855): warning C4090: “函数”: 不同的“const”限定符
d:\projects\compiler\c0_compiler\c0_compiler\grammer.c(858): warning C4090: “函数”: 不同的“const”限定符
d:\projects\compiler\c0_compiler\c0_compiler\grammer.c(853): warning C4996: 'sprintf': This function or variable may be unsafe. Consider using sprintf_s instead. To disable deprecation, use _CRT_SECURE_NO_WARNINGS. See online help for details.
  c:\program files (x86)\windows kits\10\include\10.0.10240.0\ucrt\stdio.h(1769): note: 参见“sprintf”的声明
d:\projects\compiler\c0_compiler\c0_compiler\grammer.c(942): warning C4013: “init_var_num”未定义；假设外部返回 int
d:\projects\compiler\c0_compiler\c0_compiler\grammer.c(1093): warning C4090: “函数”: 不同的“const”限定符
d:\projects\compiler\c0_compiler\c0_compiler\grammer.c(1099): warning C4090: “函数”: 不同的“const”限定符
d:\projects\compiler\c0_compiler\c0_compiler\grammer.c(1166): warning C4090: “函数”: 不同的“const”限定符
d:\projects\compiler\c0_compiler\c0_compiler\grammer.c(1208): warning C4090: “函数”: 不同的“const”限定符
d:\projects\compiler\c0_compiler\c0_compiler\grammer.c(1218): warning C4090: “函数”: 不同的“const”限定符
d:\projects\compiler\c0_compiler\c0_compiler\grammer.c(1272): warning C4090: “函数”: 不同的“const”限定符
d:\projects\compiler\c0_compiler\c0_compiler\grammer.c(1338): warning C4090: “函数”: 不同的“const”限定符
d:\projects\compiler\c0_compiler\c0_compiler\grammer.c(1353): warning C4090: “函数”: 不同的“const”限定符
d:\projects\compiler\c0_compiler\c0_compiler\grammer.c(1362): warning C4090: “函数”: 不同的“const”限定符
d:\projects\compiler\c0_compiler\c0_compiler\grammer.c(1382): warning C4090: “函数”: 不同的“const”限定符
d:\projects\compiler\c0_compiler\c0_compiler\grammer.c(1384): warning C4090: “函数”: 不同的“const”限定符
d:\projects\compiler\c0_compiler\c0_compiler\grammer.c(1336): warning C4996: 'sprintf': This function or variable may be unsafe. Consider using sprintf_s instead. To disable deprecation, use _CRT_SECURE_NO_WARNINGS. See online help for details.
  c:\program files (x86)\windows kits\10\include\10.0.10240.0\ucrt\stdio.h(1769): note: 参见“sprintf”的声明
d:\projects\compiler\c0_compiler\c0_compiler\grammer.c(1427): warning C4090: “函数”: 不同的“const”限定符
d:\projects\compiler\c0_compiler\c0_compiler\grammer.c(1468): warning C4090: “函数”: 不同的“const”限定符
d:\projects\compiler\c0_compiler\c0_compiler\grammer.c(1449): warning C4101: “type”: 未引用的局部变量
d:\projects\compiler\c0_compiler\c0_compiler\grammer.c(1501): warning C4090: “函数”: 不同的“const”限定符
d:\projects\compiler\c0_compiler\c0_compiler\grammer.c(1481): warning C4101: “type”: 未引用的局部变量
d:\projects\compiler\c0_compiler\c0_compiler\grammer.c(1519): warning C4090: “函数”: 不同的“const”限定符
d:\projects\compiler\c0_compiler\c0_compiler\grammer.c(1571): warning C4090: “函数”: 不同的“const”限定符
d:\projects\compiler\c0_compiler\c0_compiler\grammer.c(1641): warning C4090: “函数”: 不同的“const”限定符
d:\projects\compiler\c0_compiler\c0_compiler\grammer.c(1644): warning C4090: “函数”: 不同的“const”限定符
d:\projects\compiler\c0_compiler\c0_compiler\grammer.c(1695): warning C4090: “函数”: 不同的“const”限定符
d:\projects\compiler\c0_compiler\c0_compiler\grammer.c(1698): warning C4090: “函数”: 不同的“const”限定符
d:\projects\compiler\c0_compiler\c0_compiler\grammer.c(1706): warning C4090: “函数”: 不同的“const”限定符
d:\projects\compiler\c0_compiler\c0_compiler\grammer.c(1726): warning C4090: “函数”: 不同的“const”限定符
d:\projects\compiler\c0_compiler\c0_compiler\grammer.c(1729): warning C4090: “函数”: 不同的“const”限定符
d:\projects\compiler\c0_compiler\c0_compiler\grammer.c(1764): warning C4090: “函数”: 不同的“const”限定符
d:\projects\compiler\c0_compiler\c0_compiler\grammer.c(1778): warning C4090: “函数”: 不同的“const”限定符
d:\projects\compiler\c0_compiler\c0_compiler\grammer.c(1782): warning C4090: “函数”: 不同的“const”限定符
d:\projects\compiler\c0_compiler\c0_compiler\grammer.c(1816): warning C4090: “函数”: 不同的“const”限定符
d:\projects\compiler\c0_compiler\c0_compiler\grammer.c(1991): warning C4996: 'sprintf': This function or variable may be unsafe. Consider using sprintf_s instead. To disable deprecation, use _CRT_SECURE_NO_WARNINGS. See online help for details.
  c:\program files (x86)\windows kits\10\include\10.0.10240.0\ucrt\stdio.h(1769): note: 参见“sprintf”的声明
d:\projects\compiler\c0_compiler\c0_compiler\grammer.c(2007): warning C4996: 'sprintf': This function or variable may be unsafe. Consider using sprintf_s instead. To disable deprecation, use _CRT_SECURE_NO_WARNINGS. See online help for details.
  c:\program files (x86)\windows kits\10\include\10.0.10240.0\ucrt\stdio.h(1769): note: 参见“sprintf”的声明
d:\projects\compiler\c0_compiler\c0_compiler\grammer.c(2034): warning C4996: 'sprintf': This function or variable may be unsafe. Consider using sprintf_s instead. To disable deprecation, use _CRT_SECURE_NO_WARNINGS. See online help for details.
  c:\program files (x86)\windows kits\10\include\10.0.10240.0\ucrt\stdio.h(1769): note: 参见“sprintf”的声明
d:\projects\compiler\c0_compiler\c0_compiler\grammer.c(2044): warning C4996: 'sprintf': This function or variable may be unsafe. Consider using sprintf_s instead. To disable deprecation, use _CRT_SECURE_NO_WARNINGS. See online help for details.
  c:\program files (x86)\windows kits\10\include\10.0.10240.0\ucrt\stdio.h(1769): note: 参见“sprintf”的声明
  C0_Compiler.vcxproj -> D:\Projects\Compiler\C0_Compiler\Debug\C0_Compiler.exe
  C0_Compiler.vcxproj -> D:\Projects\Compiler\C0_Compiler\Debug\C0_Compiler.pdb (Full PDB)
